# JRE version: OpenJDK Runtime Environment Temurin-17.0.2+8 (17.0.2+8) (build 17.0.2+8)
# Java VM: OpenJDK 64-Bit Server VM Temurin-17.0.2+8 (17.0.2+8, mixed mode, sharing, tiered, compressed oops, compressed class ptrs, g1 gc, windows-amd64)
GC Precious Log:
 CPUs: 4 total, 4 available
 Memory: 1943M
 Large Page Support: Disabled
 NUMA Support: Disabled
 Compressed Oops: Enabled (Zero based)
 Heap Region Size: 4M
 Heap Min Capacity: 8M
 Heap Initial Capacity: 32M
 Heap Max Capacity: 8G
 Pre-touch: Disabled
 Parallel Workers: 4
 Concurrent Workers: 1
 Concurrent Refinement Workers: 4
 Periodic GC: Disabled
Heap:
 garbage-first heap   total 1146880K, used 110446K [0x0000000600000000, 0x0000000800000000)
  region size 4096K, 1 young (4096K), 1 survivors (4096K)
 Metaspace       used 124170K, committed 124992K, reserved 1163264K
  class space    used 15683K, committed 16064K, reserved 1048576K
GC Heap History (20 events):
Event: 1893.703 GC heap after
{Heap after GC invocations=121 (full 0):
 garbage-first heap   total 344064K, used 95145K [0x0000000600000000, 0x0000000800000000)
  region size 4096K, 1 young (4096K), 1 survivors (4096K)
 Metaspace       used 123914K, committed 124672K, reserved 1163264K
  class space    used 15651K, committed 16000K, reserved 1048576K
}
Event: 1894.792 GC heap before
{Heap before GC invocations=121 (full 0):
 garbage-first heap   total 344064K, used 103337K [0x0000000600000000, 0x0000000800000000)
  region size 4096K, 4 young (16384K), 1 survivors (4096K)
 Metaspace       used 124055K, committed 124800K, reserved 1163264K
  class space    used 15681K, committed 16064K, reserved 1048576K
}
Event: 1895.042 GC heap after
{Heap after GC invocations=122 (full 0):
 garbage-first heap   total 413696K, used 95536K [0x0000000600000000, 0x0000000800000000)
  region size 4096K, 1 young (4096K), 1 survivors (4096K)
 Metaspace       used 124055K, committed 124800K, reserved 1163264K
  class space    used 15681K, committed 16064K, reserved 1048576K
}
Event: 1895.310 GC heap before
{Heap before GC invocations=122 (full 0):
 garbage-first heap   total 413696K, used 111920K [0x0000000600000000, 0x0000000800000000)
  region size 4096K, 5 young (20480K), 1 survivors (4096K)
 Metaspace       used 124070K, committed 124864K, reserved 1163264K
  class space    used 15681K, committed 16064K, reserved 1048576K
}
Event: 1895.373 GC heap after
{Heap after GC invocations=123 (full 0):
 garbage-first heap   total 413696K, used 97137K [0x0000000600000000, 0x0000000800000000)
  region size 4096K, 1 young (4096K), 1 survivors (4096K)
 Metaspace       used 124070K, committed 124864K, reserved 1163264K
  class space    used 15681K, committed 16064K, reserved 1048576K
}
Event: 1895.627 GC heap before
{Heap before GC invocations=123 (full 0):
 garbage-first heap   total 413696K, used 109425K [0x0000000600000000, 0x0000000800000000)
  region size 4096K, 5 young (20480K), 1 survivors (4096K)
 Metaspace       used 124087K, committed 124928K, reserved 1163264K
  class space    used 15681K, committed 16064K, reserved 1048576K
}
Event: 1895.874 GC heap after
{Heap after GC invocations=124 (full 0):
 garbage-first heap   total 413696K, used 97629K [0x0000000600000000, 0x0000000800000000)
  region size 4096K, 1 young (4096K), 1 survivors (4096K)
 Metaspace       used 124087K, committed 124928K, reserved 1163264K
  class space    used 15681K, committed 16064K, reserved 1048576K
}
Event: 1896.936 GC heap before
{Heap before GC invocations=124 (full 0):
 garbage-first heap   total 413696K, used 118109K [0x0000000600000000, 0x0000000800000000)
  region size 4096K, 5 young (20480K), 1 survivors (4096K)
 Metaspace       used 124119K, committed 124928K, reserved 1163264K
  class space    used 15683K, committed 16064K, reserved 1048576K
}
Event: 1897.063 GC heap after
{Heap after GC invocations=125 (full 0):
 garbage-first heap   total 413696K, used 102063K [0x0000000600000000, 0x0000000800000000)
  region size 4096K, 1 young (4096K), 1 survivors (4096K)
 Metaspace       used 124119K, committed 124928K, reserved 1163264K
  class space    used 15683K, committed 16064K, reserved 1048576K
}
Event: 1897.374 GC heap before
{Heap before GC invocations=125 (full 0):
 garbage-first heap   total 413696K, used 114351K [0x0000000600000000, 0x0000000800000000)
  region size 4096K, 5 young (20480K), 1 survivors (4096K)
 Metaspace       used 124130K, committed 124928K, reserved 1163264K
  class space    used 15683K, committed 16064K, reserved 1048576K
}
Event: 1897.486 GC heap after
{Heap after GC invocations=126 (full 0):
 garbage-first heap   total 1146880K, used 102988K [0x0000000600000000, 0x0000000800000000)
  region size 4096K, 1 young (4096K), 1 survivors (4096K)
 Metaspace       used 124130K, committed 124928K, reserved 1163264K
  class space    used 15683K, committed 16064K, reserved 1048576K
}
Event: 1898.143 GC heap before
{Heap before GC invocations=126 (full 0):
 garbage-first heap   total 1146880K, used 156236K [0x0000000600000000, 0x0000000800000000)
  region size 4096K, 14 young (57344K), 1 survivors (4096K)
 Metaspace       used 124153K, committed 124992K, reserved 1163264K
  class space    used 15683K, committed 16064K, reserved 1048576K
}
Event: 1898.228 GC heap after
{Heap after GC invocations=127 (full 0):
 garbage-first heap   total 1146880K, used 104600K [0x0000000600000000, 0x0000000800000000)
  region size 4096K, 1 young (4096K), 1 survivors (4096K)
 Metaspace       used 124153K, committed 124992K, reserved 1163264K
  class space    used 15683K, committed 16064K, reserved 1048576K
}
Event: 1899.336 GC heap before
{Heap before GC invocations=127 (full 0):
 garbage-first heap   total 1146880K, used 157848K [0x0000000600000000, 0x0000000800000000)
  region size 4096K, 14 young (57344K), 1 survivors (4096K)
 Metaspace       used 124167K, committed 124992K, reserved 1163264K
  class space    used 15683K, committed 16064K, reserved 1048576K
}
Event: 1899.345 GC heap after
{Heap after GC invocations=128 (full 0):
 garbage-first heap   total 1146880K, used 106110K [0x0000000600000000, 0x0000000800000000)
  region size 4096K, 2 young (8192K), 2 survivors (8192K)
 Metaspace       used 124167K, committed 124992K, reserved 1163264K
  class space    used 15683K, committed 16064K, reserved 1048576K
}
Event: 1900.133 GC heap before
{Heap before GC invocations=128 (full 0):
 garbage-first heap   total 1146880K, used 155262K [0x0000000600000000, 0x0000000800000000)
  region size 4096K, 15 young (61440K), 2 survivors (8192K)
 Metaspace       used 124167K, committed 124992K, reserved 1163264K
  class space    used 15683K, committed 16064K, reserved 1048576K
}
Event: 1900.212 GC heap after
{Heap after GC invocations=129 (full 0):
 garbage-first heap   total 1146880K, used 107637K [0x0000000600000000, 0x0000000800000000)
  region size 4096K, 2 young (8192K), 2 survivors (8192K)
 Metaspace       used 124167K, committed 124992K, reserved 1163264K
  class space    used 15683K, committed 16064K, reserved 1048576K
}
Event: 1900.767 GC heap before
{Heap before GC invocations=129 (full 0):
 garbage-first heap   total 1146880K, used 156789K [0x0000000600000000, 0x0000000800000000)
  region size 4096K, 14 young (57344K), 2 survivors (8192K)
 Metaspace       used 124168K, committed 124992K, reserved 1163264K
  class space    used 15683K, committed 16064K, reserved 1048576K
}
Event: 1901.329 GC heap after
{Heap after GC invocations=130 (full 0):
 garbage-first heap   total 1146880K, used 111528K [0x0000000600000000, 0x0000000800000000)
  region size 4096K, 2 young (8192K), 2 survivors (8192K)
 Metaspace       used 124168K, committed 124992K, reserved 1163264K
  class space    used 15683K, committed 16064K, reserved 1048576K
}
Event: 1902.225 GC heap before
{Heap before GC invocations=130 (full 0):
 garbage-first heap   total 1146880K, used 160680K [0x0000000600000000, 0x0000000800000000)
  region size 4096K, 14 young (57344K), 2 survivors (8192K)
 Metaspace       used 124170K, committed 124992K, reserved 1163264K
  class space    used 15683K, committed 16064K, reserved 1048576K
}

